c:\users\zzj\desktop\cpu\cpu\debug\cpu.pch
c:\users\zzj\desktop\cpu\cpu\debug\vc142.pdb
c:\users\zzj\desktop\cpu\cpu\debug\vc142.idb
c:\users\zzj\desktop\cpu\cpu\debug\pch.obj
c:\users\zzj\desktop\cpu\cpu\debug\cpudlg.obj
c:\users\zzj\desktop\cpu\cpu\debug\cpu.obj
c:\users\zzj\desktop\cpu\debug\cpu.exe
c:\users\zzj\desktop\cpu\debug\cpu.ilk
c:\users\zzj\desktop\cpu\debug\cpu.pdb
c:\users\zzj\desktop\cpu\cpu\debug\cpu.res
c:\users\zzj\desktop\cpu\cpu\debug\cpudlg.obj.enc
c:\users\zzj\desktop\cpu\cpu\debug\cpu.tlog\cl.command.1.tlog
c:\users\zzj\desktop\cpu\cpu\debug\cpu.tlog\cl.read.1.tlog
c:\users\zzj\desktop\cpu\cpu\debug\cpu.tlog\cl.write.1.tlog
c:\users\zzj\desktop\cpu\cpu\debug\cpu.tlog\link.command.1.tlog
c:\users\zzj\desktop\cpu\cpu\debug\cpu.tlog\link.read.1.tlog
c:\users\zzj\desktop\cpu\cpu\debug\cpu.tlog\link.write.1.tlog
c:\users\zzj\desktop\cpu\cpu\debug\cpu.tlog\rc.command.1.tlog
c:\users\zzj\desktop\cpu\cpu\debug\cpu.tlog\rc.read.1.tlog
c:\users\zzj\desktop\cpu\cpu\debug\cpu.tlog\rc.write.1.tlog
